# JRE version: OpenJDK Runtime Environment (13.0+32) (build 13-ea+32)
# Java VM: OpenJDK 64-Bit Server VM (13-ea+32, mixed mode, sharing, tiered, compressed oops, g1 gc, windows-amd64)
Heap:
 garbage-first heap   total 182272K, used 44433K [0x000000076ce00000, 0x0000000800000000)
  region size 1024K, 2 young (2048K), 2 survivors (2048K)
 Metaspace       used 6941K, capacity 8161K, committed 8320K, reserved 1056768K
  class space    used 596K, capacity 806K, committed 896K, reserved 1048576K
GC Heap History (13 events):
Event: 2.539 GC heap before
{Heap before GC invocations=0 (full 0):
 garbage-first heap   total 151552K, used 16384K [0x000000076ce00000, 0x0000000800000000)
  region size 1024K, 14 young (14336K), 0 survivors (0K)
 Metaspace       used 3634K, capacity 5881K, committed 6016K, reserved 1056768K
  class space    used 337K, capacity 578K, committed 640K, reserved 1048576K
}
Event: 2.552 GC heap after
{Heap after GC invocations=1 (full 0):
 garbage-first heap   total 151552K, used 8276K [0x000000076ce00000, 0x0000000800000000)
  region size 1024K, 2 young (2048K), 2 survivors (2048K)
 Metaspace       used 3634K, capacity 5881K, committed 6016K, reserved 1056768K
  class space    used 337K, capacity 578K, committed 640K, reserved 1048576K
}
Event: 10.566 GC heap before
{Heap before GC invocations=1 (full 0):
 garbage-first heap   total 151552K, used 71764K [0x000000076ce00000, 0x0000000800000000)
  region size 1024K, 62 young (63488K), 2 survivors (2048K)
 Metaspace       used 6773K, capacity 8081K, committed 8320K, reserved 1056768K
  class space    used 586K, capacity 801K, committed 896K, reserved 1048576K
}
Event: 10.633 GC heap after
{Heap after GC invocations=2 (full 0):
 garbage-first heap   total 151552K, used 23906K [0x000000076ce00000, 0x0000000800000000)
  region size 1024K, 8 young (8192K), 8 survivors (8192K)
 Metaspace       used 6773K, capacity 8081K, committed 8320K, reserved 1056768K
  class space    used 586K, capacity 801K, committed 896K, reserved 1048576K
}
Event: 10.723 GC heap before
{Heap before GC invocations=2 (full 0):
 garbage-first heap   total 151552K, used 32098K [0x000000076ce00000, 0x0000000800000000)
  region size 1024K, 13 young (13312K), 8 survivors (8192K)
 Metaspace       used 6802K, capacity 8145K, committed 8320K, reserved 1056768K
  class space    used 586K, capacity 801K, committed 896K, reserved 1048576K
}
Event: 10.763 GC heap after
{Heap after GC invocations=3 (full 0):
 garbage-first heap   total 151552K, used 29321K [0x000000076ce00000, 0x0000000800000000)
  region size 1024K, 2 young (2048K), 2 survivors (2048K)
 Metaspace       used 6802K, capacity 8145K, committed 8320K, reserved 1056768K
  class space    used 586K, capacity 801K, committed 896K, reserved 1048576K
}
Event: 10.903 GC heap before
{Heap before GC invocations=3 (full 0):
 garbage-first heap   total 151552K, used 36489K [0x000000076ce00000, 0x0000000800000000)
  region size 1024K, 9 young (9216K), 2 survivors (2048K)
 Metaspace       used 6811K, capacity 8145K, committed 8320K, reserved 1056768K
  class space    used 586K, capacity 801K, committed 896K, reserved 1048576K
}
Event: 10.911 GC heap after
{Heap after GC invocations=4 (full 0):
 garbage-first heap   total 151552K, used 31744K [0x000000076ce00000, 0x0000000800000000)
  region size 1024K, 2 young (2048K), 2 survivors (2048K)
 Metaspace       used 6811K, capacity 8145K, committed 8320K, reserved 1056768K
  class space    used 586K, capacity 801K, committed 896K, reserved 1048576K
}
Event: 11.278 GC heap before
{Heap before GC invocations=4 (full 0):
 garbage-first heap   total 151552K, used 48128K [0x000000076ce00000, 0x0000000800000000)
  region size 1024K, 18 young (18432K), 2 survivors (2048K)
 Metaspace       used 6822K, capacity 8145K, committed 8320K, reserved 1056768K
  class space    used 586K, capacity 801K, committed 896K, reserved 1048576K
}
Event: 11.305 GC heap after
{Heap after GC invocations=5 (full 0):
 garbage-first heap   total 151552K, used 35017K [0x000000076ce00000, 0x0000000800000000)
  region size 1024K, 3 young (3072K), 3 survivors (3072K)
 Metaspace       used 6822K, capacity 8145K, committed 8320K, reserved 1056768K
  class space    used 586K, capacity 801K, committed 896K, reserved 1048576K
}
Event: 12.681 GC heap before
{Heap before GC invocations=5 (full 0):
 garbage-first heap   total 151552K, used 58569K [0x000000076ce00000, 0x0000000800000000)
  region size 1024K, 24 young (24576K), 3 survivors (3072K)
 Metaspace       used 6913K, capacity 8161K, committed 8320K, reserved 1056768K
  class space    used 596K, capacity 806K, committed 896K, reserved 1048576K
}
Event: 12.709 GC heap after
{Heap after GC invocations=6 (full 0):
 garbage-first heap   total 151552K, used 44936K [0x000000076ce00000, 0x0000000800000000)
  region size 1024K, 3 young (3072K), 3 survivors (3072K)
 Metaspace       used 6913K, capacity 8161K, committed 8320K, reserved 1056768K
  class space    used 596K, capacity 806K, committed 896K, reserved 1048576K
}
Event: 12.896 GC heap before
{Heap before GC invocations=6 (full 0):
 garbage-first heap   total 151552K, used 52104K [0x000000076ce00000, 0x0000000800000000)
  region size 1024K, 11 young (11264K), 3 survivors (3072K)
 Metaspace       used 6941K, capacity 8161K, committed 8320K, reserved 1056768K
  class space    used 596K, capacity 806K, committed 896K, reserved 1048576K
}

