# JRE version: OpenJDK Runtime Environment (13.0+32) (build 13-ea+32)
# Java VM: OpenJDK 64-Bit Server VM (13-ea+32, mixed mode, sharing, tiered, compressed oops, g1 gc, windows-amd64)
Heap:
 garbage-first heap   total 182272K, used 28513K [0x000000076ce00000, 0x0000000800000000)
  region size 1024K, 3 young (3072K), 3 survivors (3072K)
 Metaspace       used 6773K, capacity 8087K, committed 8320K, reserved 1056768K
  class space    used 586K, capacity 802K, committed 896K, reserved 1048576K
GC Heap History (9 events):
Event: 2.888 GC heap before
{Heap before GC invocations=0 (full 0):
 garbage-first heap   total 151552K, used 16384K [0x000000076ce00000, 0x0000000800000000)
  region size 1024K, 14 young (14336K), 0 survivors (0K)
 Metaspace       used 3485K, capacity 5870K, committed 6016K, reserved 1056768K
  class space    used 326K, capacity 575K, committed 640K, reserved 1048576K
}
Event: 2.908 GC heap after
{Heap after GC invocations=1 (full 0):
 garbage-first heap   total 151552K, used 8098K [0x000000076ce00000, 0x0000000800000000)
  region size 1024K, 2 young (2048K), 2 survivors (2048K)
 Metaspace       used 3485K, capacity 5870K, committed 6016K, reserved 1056768K
  class space    used 326K, capacity 575K, committed 640K, reserved 1048576K
}
Event: 3.282 GC heap before
{Heap before GC invocations=1 (full 0):
 garbage-first heap   total 151552K, used 19362K [0x000000076ce00000, 0x0000000800000000)
  region size 1024K, 11 young (11264K), 2 survivors (2048K)
 Metaspace       used 3710K, capacity 6005K, committed 6272K, reserved 1056768K
  class space    used 343K, capacity 576K, committed 640K, reserved 1048576K
}
Event: 3.295 GC heap after
{Heap after GC invocations=2 (full 0):
 garbage-first heap   total 151552K, used 13293K [0x000000076ce00000, 0x0000000800000000)
  region size 1024K, 2 young (2048K), 2 survivors (2048K)
 Metaspace       used 3710K, capacity 6005K, committed 6272K, reserved 1056768K
  class space    used 343K, capacity 576K, committed 640K, reserved 1048576K
}
Event: 4.061 GC heap before
{Heap before GC invocations=2 (full 0):
 garbage-first heap   total 151552K, used 40941K [0x000000076ce00000, 0x0000000800000000)
  region size 1024K, 29 young (29696K), 2 survivors (2048K)
 Metaspace       used 4015K, capacity 6114K, committed 6272K, reserved 1056768K
  class space    used 360K, capacity 611K, committed 640K, reserved 1048576K
}
Event: 4.093 GC heap after
{Heap after GC invocations=3 (full 0):
 garbage-first heap   total 151552K, used 18432K [0x000000076ce00000, 0x0000000800000000)
  region size 1024K, 4 young (4096K), 4 survivors (4096K)
 Metaspace       used 4015K, capacity 6114K, committed 6272K, reserved 1056768K
  class space    used 360K, capacity 611K, committed 640K, reserved 1048576K
}
Event: 4.160 GC heap before
{Heap before GC invocations=3 (full 0):
 garbage-first heap   total 151552K, used 21504K [0x000000076ce00000, 0x0000000800000000)
  region size 1024K, 7 young (7168K), 4 survivors (4096K)
 Metaspace       used 4017K, capacity 6114K, committed 6272K, reserved 1056768K
  class space    used 360K, capacity 611K, committed 640K, reserved 1048576K
}
Event: 4.180 GC heap after
{Heap after GC invocations=4 (full 0):
 garbage-first heap   total 151552K, used 20100K [0x000000076ce00000, 0x0000000800000000)
  region size 1024K, 1 young (1024K), 1 survivors (1024K)
 Metaspace       used 4017K, capacity 6114K, committed 6272K, reserved 1056768K
  class space    used 360K, capacity 611K, committed 640K, reserved 1048576K
}
Event: 10.731 GC heap before
{Heap before GC invocations=4 (full 0):
 garbage-first heap   total 151552K, used 45700K [0x000000076ce00000, 0x0000000800000000)
  region size 1024K, 24 young (24576K), 1 survivors (1024K)
 Metaspace       used 6773K, capacity 8087K, committed 8320K, reserved 1056768K
  class space    used 586K, capacity 802K, committed 896K, reserved 1048576K
}

